<?xml version="1.0" encoding="UTF-8"?>
<testng-results skipped="0" failed="0" total="1" passed="1">
  <reporter-output>
  </reporter-output>
  <suite name="Suite" duration-ms="50389" started-at="2016-03-17T12:00:00Z" finished-at="2016-03-17T12:00:50Z">
    <groups>
    </groups>
    <test name="Test" duration-ms="50389" started-at="2016-03-17T12:00:00Z" finished-at="2016-03-17T12:00:50Z">
      <class name="rc25.mFormsAutomation.Testcases.TC001_Registration">
        <test-method status="PASS" signature="BeforeMethod()[pri:0, instance:rc25.mFormsAutomation.Testcases.TC001_Registration@153f5a29]" name="BeforeMethod" is-config="true" duration-ms="10145" started-at="2016-03-17T17:30:00Z" finished-at="2016-03-17T17:30:10Z">
          <reporter-output>
          </reporter-output>
        </test-method> <!-- BeforeMethod -->
        <test-method status="PASS" signature="main()[pri:0, instance:rc25.mFormsAutomation.Testcases.TC001_Registration@153f5a29]" name="main" duration-ms="39806" started-at="2016-03-17T17:30:10Z" finished-at="2016-03-17T17:30:50Z">
          <reporter-output>
          </reporter-output>
        </test-method> <!-- main -->
        <test-method status="PASS" signature="afterMethod()[pri:0, instance:rc25.mFormsAutomation.Testcases.TC001_Registration@153f5a29]" name="afterMethod" is-config="true" duration-ms="426" started-at="2016-03-17T17:30:50Z" finished-at="2016-03-17T17:30:50Z">
          <reporter-output>
          </reporter-output>
        </test-method> <!-- afterMethod -->
      </class> <!-- rc25.mFormsAutomation.Testcases.TC001_Registration -->
    </test> <!-- Test -->
  </suite> <!-- Suite -->
</testng-results>
